<?xml version="1.0" encoding="UTF-8"?>
<!-- Generated by org.testng.reporters.JUnitReportReporter -->
<testsuite skipped="0" hostname="DESKTOP-6FTF0UD" name="com.demo.test.Logintest" tests="1" failures="0" timestamp="08 Dec 2019 06:16:00 GMT" time="14.095" errors="0">
  <testcase name="f" time="14.095" classname="com.demo.test.Logintest"/>
</testsuite> <!-- com.demo.test.Logintest -->
